<?xml version="1.0" encoding="UTF-8"?>
<testsuites>
  <testsuite name="BackstopJS" tests="126" failures="126" errors="126" skipped="0">
    <testcase classname="document" name=" ›› www.tableau.com">
      <failure message="Design deviation ›› www.tableau.com (document) component"/>
      <error message="Design deviation ›› www.tableau.com (document) component"/>
    </testcase>
    <testcase classname="document" name=" ›› about">
      <failure message="Design deviation ›› about (document) component"/>
      <error message="Design deviation ›› about (document) component"/>
    </testcase>
    <testcase classname="document" name=" ›› awards-and-recognition">
      <failure message="Design deviation ›› awards-and-recognition (document) component"/>
      <error message="Design deviation ›› awards-and-recognition (document) component"/>
    </testcase>
    <testcase classname="document" name=" ›› blog">
      <failure message="Design deviation ›› blog (document) component"/>
      <error message="Design deviation ›› blog (document) component"/>
    </testcase>
    <testcase classname="document" name=" ›› visualizing-all-protests-and-political-unrest-us-summer">
      <failure message="Design deviation ›› visualizing-all-protests-and-political-unrest-us-summer (document) component"/>
      <error message="Design deviation ›› visualizing-all-protests-and-political-unrest-us-summer (document) component"/>
    </testcase>
    <testcase classname="document" name=" ›› contact">
      <failure message="Design deviation ›› contact (document) component"/>
      <error message="Design deviation ›› contact (document) component"/>
    </testcase>
    <testcase classname="document" name=" ›› customer-service">
      <failure message="Design deviation ›› customer-service (document) component"/>
      <error message="Design deviation ›› customer-service (document) component"/>
    </testcase>
    <testcase classname="document" name=" ›› global-offices">
      <failure message="Design deviation ›› global-offices (document) component"/>
      <error message="Design deviation ›› global-offices (document) component"/>
    </testcase>
    <testcase classname="document" name=" ›› global-sales">
      <failure message="Design deviation ›› global-sales (document) component"/>
      <error message="Design deviation ›› global-sales (document) component"/>
    </testcase>
    <testcase classname="document" name=" ›› leadership">
      <failure message="Design deviation ›› leadership (document) component"/>
      <error message="Design deviation ›› leadership (document) component"/>
    </testcase>
    <testcase classname="document" name=" ›› mission">
      <failure message="Design deviation ›› mission (document) component"/>
      <error message="Design deviation ›› mission (document) component"/>
    </testcase>
    <testcase classname="document" name=" ›› newsroom">
      <failure message="Design deviation ›› newsroom (document) component"/>
      <error message="Design deviation ›› newsroom (document) component"/>
    </testcase>
    <testcase classname="document" name=" ›› PaymentOptions">
      <failure message="Design deviation ›› PaymentOptions (document) component"/>
      <error message="Design deviation ›› PaymentOptions (document) component"/>
    </testcase>
    <testcase classname="document" name=" ›› academic">
      <failure message="Design deviation ›› academic (document) component"/>
      <error message="Design deviation ›› academic (document) component"/>
    </testcase>
    <testcase classname="document" name=" ›› united-nations">
      <failure message="Design deviation ›› united-nations (document) component"/>
      <error message="Design deviation ›› united-nations (document) component"/>
    </testcase>
    <testcase classname="document" name=" ›› community">
      <failure message="Design deviation ›› community (document) component"/>
      <error message="Design deviation ›› community (document) component"/>
    </testcase>
    <testcase classname="document" name=" ›› community-request-speaker">
      <failure message="Design deviation ›› community-request-speaker (document) component"/>
      <error message="Design deviation ›› community-request-speaker (document) component"/>
    </testcase>
    <testcase classname="document" name=" ›› events">
      <failure message="Design deviation ›› events (document) component"/>
      <error message="Design deviation ›› events (document) component"/>
    </testcase>
    <testcase classname="document" name=" ›› compare">
      <failure message="Design deviation ›› compare (document) component"/>
      <error message="Design deviation ›› compare (document) component"/>
    </testcase>
    <testcase classname="document" name=" ›› data-culture">
      <failure message="Design deviation ›› data-culture (document) component"/>
      <error message="Design deviation ›› data-culture (document) component"/>
    </testcase>
    <testcase classname="document" name=" ›› data-for-kids">
      <failure message="Design deviation ›› data-for-kids (document) component"/>
      <error message="Design deviation ›› data-for-kids (document) component"/>
    </testcase>
    <testcase classname="document" name=" ›› data-sets-students">
      <failure message="Design deviation ›› data-sets-students (document) component"/>
      <error message="Design deviation ›› data-sets-students (document) component"/>
    </testcase>
    <testcase classname="document" name=" ›› data-storytelling">
      <failure message="Design deviation ›› data-storytelling (document) component"/>
      <error message="Design deviation ›› data-storytelling (document) component"/>
    </testcase>
    <testcase classname="document" name=" ›› developer">
      <failure message="Design deviation ›› developer (document) component"/>
      <error message="Design deviation ›› developer (document) component"/>
    </testcase>
    <testcase classname="document" name=" ›› dreamforce">
      <failure message="Design deviation ›› dreamforce (document) component"/>
      <error message="Design deviation ›› dreamforce (document) component"/>
    </testcase>
    <testcase classname="document" name=" ›› embedded-analytics">
      <failure message="Design deviation ›› embedded-analytics (document) component"/>
      <error message="Design deviation ›› embedded-analytics (document) component"/>
    </testcase>
    <testcase classname="document" name=" ›› enterprise-IT">
      <failure message="Design deviation ›› enterprise-IT (document) component"/>
      <error message="Design deviation ›› enterprise-IT (document) component"/>
    </testcase>
    <testcase classname="document" name=" ›› foundation">
      <failure message="Design deviation ›› foundation (document) component"/>
      <error message="Design deviation ›› foundation (document) component"/>
    </testcase>
    <testcase classname="document" name=" ›› home">
      <failure message="Design deviation ›› home (document) component"/>
      <error message="Design deviation ›› home (document) component"/>
    </testcase>
    <testcase classname="document" name=" ›› iron-viz">
      <failure message="Design deviation ›› iron-viz (document) component"/>
      <error message="Design deviation ›› iron-viz (document) component"/>
    </testcase>
    <testcase classname="document" name=" ›› leading-through-change">
      <failure message="Design deviation ›› leading-through-change (document) component"/>
      <error message="Design deviation ›› leading-through-change (document) component"/>
    </testcase>
    <testcase classname="document" name=" ›› learn">
      <failure message="Design deviation ›› learn (document) component"/>
      <error message="Design deviation ›› learn (document) component"/>
    </testcase>
    <testcase classname="document" name=" ›› articles">
      <failure message="Design deviation ›› articles (document) component"/>
      <error message="Design deviation ›› articles (document) component"/>
    </testcase>
    <testcase classname="document" name=" ›› certification">
      <failure message="Design deviation ›› certification (document) component"/>
      <error message="Design deviation ›› certification (document) component"/>
    </testcase>
    <testcase classname="document" name=" ›› classroom">
      <failure message="Design deviation ›› classroom (document) component"/>
      <error message="Design deviation ›› classroom (document) component"/>
    </testcase>
    <testcase classname="document" name=" ›› data-viz-debate">
      <failure message="Design deviation ›› data-viz-debate (document) component"/>
      <error message="Design deviation ›› data-viz-debate (document) component"/>
    </testcase>
    <testcase classname="document" name=" ›› live-training">
      <failure message="Design deviation ›› live-training (document) component"/>
      <error message="Design deviation ›› live-training (document) component"/>
    </testcase>
    <testcase classname="document" name=" ›› training">
      <failure message="Design deviation ›› training (document) component"/>
      <error message="Design deviation ›› training (document) component"/>
    </testcase>
    <testcase classname="document" name=" ›› welcome-tableau-server-trial">
      <failure message="Design deviation ›› welcome-tableau-server-trial (document) component"/>
      <error message="Design deviation ›› welcome-tableau-server-trial (document) component"/>
    </testcase>
    <testcase classname="document" name=" ›› whitepapers">
      <failure message="Design deviation ›› whitepapers (document) component"/>
      <error message="Design deviation ›› whitepapers (document) component"/>
    </testcase>
    <testcase classname="document" name=" ›› legal">
      <failure message="Design deviation ›› legal (document) component"/>
      <error message="Design deviation ›› legal (document) component"/>
    </testcase>
    <testcase classname="document" name=" ›› cookies">
      <failure message="Design deviation ›› cookies (document) component"/>
      <error message="Design deviation ›› cookies (document) component"/>
    </testcase>
    <testcase classname="" name=" ›› regional-privacy-laws">
      <failure message="Design deviation ›› regional-privacy-laws () component"/>
      <error message="Design deviation ›› regional-privacy-laws () component"/>
    </testcase>
    <testcase classname="document" name=" ›› metrics">
      <failure message="Design deviation ›› metrics (document) component"/>
      <error message="Design deviation ›› metrics (document) component"/>
    </testcase>
    <testcase classname="document" name=" ›› modern-bi">
      <failure message="Design deviation ›› modern-bi (document) component"/>
      <error message="Design deviation ›› modern-bi (document) component"/>
    </testcase>
    <testcase classname="document" name=" ›› partners">
      <failure message="Design deviation ›› partners (document) component"/>
      <error message="Design deviation ›› partners (document) component"/>
    </testcase>
    <testcase classname="document" name=" ›› embedded">
      <failure message="Design deviation ›› embedded (document) component"/>
      <error message="Design deviation ›› embedded (document) component"/>
    </testcase>
    <testcase classname="document" name=" ›› how-to-decide">
      <failure message="Design deviation ›› how-to-decide (document) component"/>
      <error message="Design deviation ›› how-to-decide (document) component"/>
    </testcase>
    <testcase classname="document" name=" ›› individual">
      <failure message="Design deviation ›› individual (document) component"/>
      <error message="Design deviation ›› individual (document) component"/>
    </testcase>
    <testcase classname="document" name=" ›› teams-orgs">
      <failure message="Design deviation ›› teams-orgs (document) component"/>
      <error message="Design deviation ›› teams-orgs (document) component"/>
    </testcase>
    <testcase classname="document" name=" ›› privacy">
      <failure message="Design deviation ›› privacy (document) component"/>
      <error message="Design deviation ›› privacy (document) component"/>
    </testcase>
    <testcase classname="document" name=" ›› products">
      <failure message="Design deviation ›› products (document) component"/>
      <error message="Design deviation ›› products (document) component"/>
    </testcase>
    <testcase classname="document" name=" ›› accessibility">
      <failure message="Design deviation ›› accessibility (document) component"/>
      <error message="Design deviation ›› accessibility (document) component"/>
    </testcase>
    <testcase classname="document" name=" ›› catalog">
      <failure message="Design deviation ›› catalog (document) component"/>
      <error message="Design deviation ›› catalog (document) component"/>
    </testcase>
    <testcase classname="document" name=" ›› data-management">
      <failure message="Design deviation ›› data-management (document) component"/>
      <error message="Design deviation ›› data-management (document) component"/>
    </testcase>
    <testcase classname="document" name=" ›› catalog-request">
      <failure message="Design deviation ›› catalog-request (document) component"/>
      <error message="Design deviation ›› catalog-request (document) component"/>
    </testcase>
    <testcase classname="document" name=" ›› request-limited-release">
      <failure message="Design deviation ›› request-limited-release (document) component"/>
      <error message="Design deviation ›› request-limited-release (document) component"/>
    </testcase>
    <testcase classname="document" name=" ›› server-management">
      <failure message="Design deviation ›› server-management (document) component"/>
      <error message="Design deviation ›› server-management (document) component"/>
    </testcase>
    <testcase classname="" name=" ›› all-features">
      <failure message="Design deviation ›› all-features () component"/>
      <error message="Design deviation ›› all-features () component"/>
    </testcase>
    <testcase classname="document" name=" ›› buy-more">
      <failure message="Design deviation ›› buy-more (document) component"/>
      <error message="Design deviation ›› buy-more (document) component"/>
    </testcase>
    <testcase classname="document" name=" ›› cloud-bi">
      <failure message="Design deviation ›› cloud-bi (document) component"/>
      <error message="Design deviation ›› cloud-bi (document) component"/>
    </testcase>
    <testcase classname="document" name=" ›› coming-soon">
      <failure message="Design deviation ›› coming-soon (document) component"/>
      <error message="Design deviation ›› coming-soon (document) component"/>
    </testcase>
    <testcase classname="document" name=" ›› desktop">
      <failure message="Design deviation ›› desktop (document) component"/>
      <error message="Design deviation ›› desktop (document) component"/>
    </testcase>
    <testcase classname="document" name=" ›› download">
      <failure message="Design deviation ›› download (document) component"/>
      <error message="Design deviation ›› download (document) component"/>
    </testcase>
    <testcase classname="document" name=" ›› individuals">
      <failure message="Design deviation ›› individuals (document) component"/>
      <error message="Design deviation ›› individuals (document) component"/>
    </testcase>
    <testcase classname="document" name=" ›› linux">
      <failure message="Design deviation ›› linux (document) component"/>
      <error message="Design deviation ›› linux (document) component"/>
    </testcase>
    <testcase classname="document" name=" ›› mobile">
      <failure message="Design deviation ›› mobile (document) component"/>
      <error message="Design deviation ›› mobile (document) component"/>
    </testcase>
    <testcase classname="" name=" ›› new-features">
      <failure message="Design deviation ›› new-features () component"/>
      <error message="Design deviation ›› new-features () component"/>
    </testcase>
    <testcase classname="document" name=" ›› demo">
      <failure message="Design deviation ›› demo (document) component"/>
      <error message="Design deviation ›› demo (document) component"/>
    </testcase>
    <testcase classname="document" name=" ›› desktop">
      <failure message="Design deviation ›› desktop (document) component"/>
      <error message="Design deviation ›› desktop (document) component"/>
    </testcase>
    <testcase classname="document" name=" ›› explain-data">
      <failure message="Design deviation ›› explain-data (document) component"/>
      <error message="Design deviation ›› explain-data (document) component"/>
    </testcase>
    <testcase classname="document" name=" ›› hyper">
      <failure message="Design deviation ›› hyper (document) component"/>
      <error message="Design deviation ›› hyper (document) component"/>
    </testcase>
    <testcase classname="document" name=" ›› online">
      <failure message="Design deviation ›› online (document) component"/>
      <error message="Design deviation ›› online (document) component"/>
    </testcase>
    <testcase classname="" name=" ›› prep">
      <failure message="Design deviation ›› prep () component"/>
      <error message="Design deviation ›› prep () component"/>
    </testcase>
    <testcase classname="document" name=" ›› server">
      <failure message="Design deviation ›› server (document) component"/>
      <error message="Design deviation ›› server (document) component"/>
    </testcase>
    <testcase classname="document" name=" ›› request-trial">
      <failure message="Design deviation ›› request-trial (document) component"/>
      <error message="Design deviation ›› request-trial (document) component"/>
    </testcase>
    <testcase classname="document" name=" ›› prep">
      <failure message="Design deviation ›› prep (document) component"/>
      <error message="Design deviation ›› prep (document) component"/>
    </testcase>
    <testcase classname="document" name=" ›› download">
      <failure message="Design deviation ›› download (document) component"/>
      <error message="Design deviation ›› download (document) component"/>
    </testcase>
    <testcase classname="document" name=" ›› reader">
      <failure message="Design deviation ›› reader (document) component"/>
      <error message="Design deviation ›› reader (document) component"/>
    </testcase>
    <testcase classname="document" name=" ›› server">
      <failure message="Design deviation ›› server (document) component"/>
      <error message="Design deviation ›› server (document) component"/>
    </testcase>
    <testcase classname="document" name=" ›› teams-organizations">
      <failure message="Design deviation ›› teams-organizations (document) component"/>
      <error message="Design deviation ›› teams-organizations (document) component"/>
    </testcase>
    <testcase classname="document" name=" ›› techspecs">
      <failure message="Design deviation ›› techspecs (document) component"/>
      <error message="Design deviation ›› techspecs (document) component"/>
    </testcase>
    <testcase classname="document" name=" ›› viewer">
      <failure message="Design deviation ›› viewer (document) component"/>
      <error message="Design deviation ›› viewer (document) component"/>
    </testcase>
    <testcase classname="document" name=" ›› viewer-vs-reader">
      <failure message="Design deviation ›› viewer-vs-reader (document) component"/>
      <error message="Design deviation ›› viewer-vs-reader (document) component"/>
    </testcase>
    <testcase classname="document" name=" ›› what-is-tableau">
      <failure message="Design deviation ›› what-is-tableau (document) component"/>
      <error message="Design deviation ›› what-is-tableau (document) component"/>
    </testcase>
    <testcase classname="document" name=" ›› renewing-your-licenses-tableau-partners">
      <failure message="Design deviation ›› renewing-your-licenses-tableau-partners (document) component"/>
      <error message="Design deviation ›› renewing-your-licenses-tableau-partners (document) component"/>
    </testcase>
    <testcase classname="document" name=" ›› reopen-with-tableau">
      <failure message="Design deviation ›› reopen-with-tableau (document) component"/>
      <error message="Design deviation ›› reopen-with-tableau (document) component"/>
    </testcase>
    <testcase classname="document" name=" ›› security">
      <failure message="Design deviation ›› security (document) component"/>
      <error message="Design deviation ›› security (document) component"/>
    </testcase>
    <testcase classname="document" name=" ›› smart-approach">
      <failure message="Design deviation ›› smart-approach (document) component"/>
      <error message="Design deviation ›› smart-approach (document) component"/>
    </testcase>
    <testcase classname="document" name=" ›› snowflake-cloud-monitoring">
      <failure message="Design deviation ›› snowflake-cloud-monitoring (document) component"/>
      <error message="Design deviation ›› snowflake-cloud-monitoring (document) component"/>
    </testcase>
    <testcase classname="document" name=" ›› analytics">
      <failure message="Design deviation ›› analytics (document) component"/>
      <error message="Design deviation ›› analytics (document) component"/>
    </testcase>
    <testcase classname="document" name=" ›› solutions">
      <failure message="Design deviation ›› solutions (document) component"/>
      <error message="Design deviation ›› solutions (document) component"/>
    </testcase>
    <testcase classname="document" name=" ›› webinars-emea">
      <failure message="Design deviation ›› webinars-emea (document) component"/>
      <error message="Design deviation ›› webinars-emea (document) component"/>
    </testcase>
    <testcase classname="document" name=" ›› support">
      <failure message="Design deviation ›› support (document) component"/>
      <error message="Design deviation ›› support (document) component"/>
    </testcase>
    <testcase classname="document" name=" ›› desktop">
      <failure message="Design deviation ›› desktop (document) component"/>
      <error message="Design deviation ›› desktop (document) component"/>
    </testcase>
    <testcase classname="document" name=" ›› mobile">
      <failure message="Design deviation ›› mobile (document) component"/>
      <error message="Design deviation ›› mobile (document) component"/>
    </testcase>
    <testcase classname="document" name=" ›› online">
      <failure message="Design deviation ›› online (document) component"/>
      <error message="Design deviation ›› online (document) component"/>
    </testcase>
    <testcase classname="document" name=" ›› online-upgrade">
      <failure message="Design deviation ›› online-upgrade (document) component"/>
      <error message="Design deviation ›› online-upgrade (document) component"/>
    </testcase>
    <testcase classname="document" name=" ›› prep">
      <failure message="Design deviation ›› prep (document) component"/>
      <error message="Design deviation ›› prep (document) component"/>
    </testcase>
    <testcase classname="document" name=" ›› prep-upgrade">
      <failure message="Design deviation ›› prep-upgrade (document) component"/>
      <error message="Design deviation ›› prep-upgrade (document) component"/>
    </testcase>
    <testcase classname="document" name=" ›› public">
      <failure message="Design deviation ›› public (document) component"/>
      <error message="Design deviation ›› public (document) component"/>
    </testcase>
    <testcase classname="document" name=" ›› reader">
      <failure message="Design deviation ›› reader (document) component"/>
      <error message="Design deviation ›› reader (document) component"/>
    </testcase>
    <testcase classname="" name=" ›› releases">
      <failure message="Design deviation ›› releases () component"/>
      <error message="Design deviation ›› releases () component"/>
    </testcase>
    <testcase classname="document" name=" ›› bridge">
      <failure message="Design deviation ›› bridge (document) component"/>
      <error message="Design deviation ›› bridge (document) component"/>
    </testcase>
    <testcase classname="document" name=" ›› 2020.1">
      <failure message="Design deviation ›› 2020.1 (document) component"/>
      <error message="Design deviation ›› 2020.1 (document) component"/>
    </testcase>
    <testcase classname="document" name=" ›› 2020.3">
      <failure message="Design deviation ›› 2020.3 (document) component"/>
      <error message="Design deviation ›› 2020.3 (document) component"/>
    </testcase>
    <testcase classname="document" name=" ›› 0.0.11249">
      <failure message="Design deviation ›› 0.0.11249 (document) component"/>
      <error message="Design deviation ›› 0.0.11249 (document) component"/>
    </testcase>
    <testcase classname="document" name=" ›› mobile">
      <failure message="Design deviation ›› mobile (document) component"/>
      <error message="Design deviation ›› mobile (document) component"/>
    </testcase>
    <testcase classname="document" name=" ›› 2020.708.4057">
      <failure message="Design deviation ›› 2020.708.4057 (document) component"/>
      <error message="Design deviation ›› 2020.708.4057 (document) component"/>
    </testcase>
    <testcase classname="" name=" ›› online">
      <failure message="Design deviation ›› online () component"/>
      <error message="Design deviation ›› online () component"/>
    </testcase>
    <testcase classname="document" name=" ›› 10.3">
      <failure message="Design deviation ›› 10.3 (document) component"/>
      <error message="Design deviation ›› 10.3 (document) component"/>
    </testcase>
    <testcase classname="document" name=" ›› prep">
      <failure message="Design deviation ›› prep (document) component"/>
      <error message="Design deviation ›› prep (document) component"/>
    </testcase>
    <testcase classname="document" name=" ›› 2020.3.1">
      <failure message="Design deviation ›› 2020.3.1 (document) component"/>
      <error message="Design deviation ›› 2020.3.1 (document) component"/>
    </testcase>
    <testcase classname="document" name=" ›› server">
      <failure message="Design deviation ›› server (document) component"/>
      <error message="Design deviation ›› server (document) component"/>
    </testcase>
    <testcase classname="document" name=" ›› 2020.3">
      <failure message="Design deviation ›› 2020.3 (document) component"/>
      <error message="Design deviation ›› 2020.3 (document) component"/>
    </testcase>
    <testcase classname="document" name=" ›› renew">
      <failure message="Design deviation ›› renew (document) component"/>
      <error message="Design deviation ›› renew (document) component"/>
    </testcase>
    <testcase classname="document" name=" ›› server">
      <failure message="Design deviation ›› server (document) component"/>
      <error message="Design deviation ›› server (document) component"/>
    </testcase>
    <testcase classname="document" name=" ›› server-upgrade">
      <failure message="Design deviation ›› server-upgrade (document) component"/>
      <error message="Design deviation ›› server-upgrade (document) component"/>
    </testcase>
    <testcase classname="document" name=" ›› services">
      <failure message="Design deviation ›› services (document) component"/>
      <error message="Design deviation ›› services (document) component"/>
    </testcase>
    <testcase classname="document" name=" ›› upgrade-assistance">
      <failure message="Design deviation ›› upgrade-assistance (document) component"/>
      <error message="Design deviation ›› upgrade-assistance (document) component"/>
    </testcase>
    <testcase classname="document" name=" ›› tableau-for-executives">
      <failure message="Design deviation ›› tableau-for-executives (document) component"/>
      <error message="Design deviation ›› tableau-for-executives (document) component"/>
    </testcase>
    <testcase classname="document" name=" ›› tableau-salesforce-analytics">
      <failure message="Design deviation ›› tableau-salesforce-analytics (document) component"/>
      <error message="Design deviation ›› tableau-salesforce-analytics (document) component"/>
    </testcase>
    <testcase classname="document" name=" ›› tableau-technology-partners">
      <failure message="Design deviation ›› tableau-technology-partners (document) component"/>
      <error message="Design deviation ›› tableau-technology-partners (document) component"/>
    </testcase>
    <testcase classname="document" name=" ›› tableau-virtual-event-code-conduct">
      <failure message="Design deviation ›› tableau-virtual-event-code-conduct (document) component"/>
      <error message="Design deviation ›› tableau-virtual-event-code-conduct (document) component"/>
    </testcase>
    <testcase classname="document" name=" ›› tos">
      <failure message="Design deviation ›› tos (document) component"/>
      <error message="Design deviation ›› tos (document) component"/>
    </testcase>
    <testcase classname="document" name=" ›› zen-masters">
      <failure message="Design deviation ›› zen-masters (document) component"/>
      <error message="Design deviation ›› zen-masters (document) component"/>
    </testcase>
  </testsuite>
</testsuites>